# JRE version: Java(TM) SE Runtime Environment (8.0_202-b08) (build 1.8.0_202-b08)
# Java VM: Java HotSpot(TM) 64-Bit Server VM (25.202-b08 mixed mode linux-amd64 compressed oops)
Heap:
 garbage-first heap   total 262144K, used 110402K [0x00000000c0000000, 0x00000000c0100800, 0x0000000100000000)
  region size 1024K, 24 young (24576K), 6 survivors (6144K)
 Metaspace       used 89094K, capacity 98294K, committed 98544K, reserved 1134592K
  class space    used 11115K, capacity 13822K, committed 13896K, reserved 1048576K
GC Heap History (10 events):
Event: 68,389 GC heap before
{Heap before GC invocations=20 (full 0):
 garbage-first heap   total 262144K, used 170166K [0x00000000c0000000, 0x00000000c0100800, 0x0000000100000000)
  region size 1024K, 105 young (107520K), 9 survivors (9216K)
 Metaspace       used 73703K, capacity 82396K, committed 82468K, reserved 1120256K
  class space    used 9347K, capacity 11880K, committed 11900K, reserved 1048576K
Event: 68,602 GC heap after
Heap after GC invocations=21 (full 0):
 garbage-first heap   total 262144K, used 83133K [0x00000000c0000000, 0x00000000c0100800, 0x0000000100000000)
  region size 1024K, 20 young (20480K), 20 survivors (20480K)
 Metaspace       used 73703K, capacity 82396K, committed 82468K, reserved 1120256K
  class space    used 9347K, capacity 11880K, committed 11900K, reserved 1048576K
}
Event: 75,744 GC heap before
{Heap before GC invocations=22 (full 0):
 garbage-first heap   total 262144K, used 86620K [0x00000000c0000000, 0x00000000c0100800, 0x0000000100000000)
  region size 1024K, 33 young (33792K), 20 survivors (20480K)
 Metaspace       used 75113K, capacity 83990K, committed 84080K, reserved 1122304K
  class space    used 9502K, capacity 12162K, committed 12232K, reserved 1048576K
Event: 75,826 GC heap after
Heap after GC invocations=23 (full 0):
 garbage-first heap   total 262144K, used 63509K [0x00000000c0000000, 0x00000000c0100800, 0x0000000100000000)
  region size 1024K, 3 young (3072K), 3 survivors (3072K)
 Metaspace       used 75113K, capacity 83990K, committed 84080K, reserved 1122304K
  class space    used 9502K, capacity 12162K, committed 12232K, reserved 1048576K
}
Event: 77,485 GC heap before
{Heap before GC invocations=23 (full 0):
 garbage-first heap   total 262144K, used 72725K [0x00000000c0000000, 0x00000000c0100800, 0x0000000100000000)
  region size 1024K, 12 young (12288K), 3 survivors (3072K)
 Metaspace       used 76455K, capacity 85488K, committed 85744K, reserved 1122304K
  class space    used 9667K, capacity 12336K, committed 12360K, reserved 1048576K
Event: 77,575 GC heap after
Heap after GC invocations=24 (full 0):
 garbage-first heap   total 262144K, used 59996K [0x00000000c0000000, 0x00000000c0100800, 0x0000000100000000)
  region size 1024K, 2 young (2048K), 2 survivors (2048K)
 Metaspace       used 76455K, capacity 85488K, committed 85744K, reserved 1122304K
  class space    used 9667K, capacity 12336K, committed 12360K, reserved 1048576K
}
Event: 206,180 GC heap before
{Heap before GC invocations=24 (full 0):
 garbage-first heap   total 262144K, used 214620K [0x00000000c0000000, 0x00000000c0100800, 0x0000000100000000)
  region size 1024K, 153 young (156672K), 2 survivors (2048K)
 Metaspace       used 88458K, capacity 97526K, committed 97776K, reserved 1132544K
  class space    used 11056K, capacity 13781K, committed 13896K, reserved 1048576K
Event: 206,249 GC heap after
Heap after GC invocations=25 (full 0):
 garbage-first heap   total 262144K, used 71772K [0x00000000c0000000, 0x00000000c0100800, 0x0000000100000000)
  region size 1024K, 14 young (14336K), 14 survivors (14336K)
 Metaspace       used 88458K, capacity 97526K, committed 97776K, reserved 1132544K
  class space    used 11056K, capacity 13781K, committed 13896K, reserved 1048576K
}
Event: 209,394 GC heap before
{Heap before GC invocations=25 (full 0):
 garbage-first heap   total 262144K, used 129579K [0x00000000c0000000, 0x00000000c0100800, 0x0000000100000000)
  region size 1024K, 32 young (32768K), 14 survivors (14336K)
 Metaspace       used 88949K, capacity 98214K, committed 98544K, reserved 1134592K
  class space    used 11099K, capacity 13818K, committed 13896K, reserved 1048576K
Event: 209,446 GC heap after
Heap after GC invocations=26 (full 0):
 garbage-first heap   total 262144K, used 65724K [0x00000000c0000000, 0x00000000c0100800, 0x0000000100000000)
  region size 1024K, 6 young (6144K), 6 survivors (6144K)
 Metaspace       used 88949K, capacity 98214K, committed 98544K, reserved 1134592K
  class space    used 11099K, capacity 13818K, committed 13896K, reserved 1048576K
}

